This is pdfTeX, Version 3.1415926-2.5-1.40.14 (MiKTeX 2.9 64-bit) (preloaded format=pdflatex 2015.1.19)  23 NOV 2015 22:16
entering extended mode
**C:/Users/patrick/Documents/college4/CS/CS401/mu-cs401-f2015/images/lecture-17
/graph_snippet.tex

(C:/Users/patrick/Documents/college4/CS/CS401/mu-cs401-f2015/images/lecture-17/
graph_snippet.tex
LaTeX2e <2011/06/27>
Babel <v3.8m> and hyphenation patterns for english, afrikaans, ancientgreek, ar
abic, armenian, assamese, basque, bengali, bokmal, bulgarian, catalan, coptic, 
croatian, czech, danish, dutch, esperanto, estonian, farsi, finnish, french, ga
lician, german, german-x-2013-05-26, greek, gujarati, hindi, hungarian, iceland
ic, indonesian, interlingua, irish, italian, kannada, kurmanji, latin, latvian,
 lithuanian, malayalam, marathi, mongolian, mongolianlmc, monogreek, ngerman, n
german-x-2013-05-26, nynorsk, oriya, panjabi, pinyin, polish, portuguese, roman
ian, russian, sanskrit, serbian, slovak, slovenian, spanish, swedish, swissgerm
an, tamil, telugu, turkish, turkmen, ukenglish, ukrainian, uppersorbian, usengl
ishmax, welsh, loaded.
("C:\Program Files\MiKTeX 2.9\tex\latex\base\article.cls"
Document Class: article 2007/10/19 v1.4h Standard LaTeX document class
("C:\Program Files\MiKTeX 2.9\tex\latex\base\size10.clo"
File: size10.clo 2007/10/19 v1.4h Standard LaTeX file (size option)
)
\c@part=\count79
\c@section=\count80
\c@subsection=\count81
\c@subsubsection=\count82
\c@paragraph=\count83
\c@subparagraph=\count84
\c@figure=\count85
\c@table=\count86
\abovecaptionskip=\skip41
\belowcaptionskip=\skip42
\bibindent=\dimen102
)
(C:\Users\patrick\AppData\Roaming\MiKTeX\2.9\tex\latex\pgf\frontendlayer\tikz.s
ty
(C:\Users\patrick\AppData\Roaming\MiKTeX\2.9\tex\latex\pgf\basiclayer\pgf.sty
(C:\Users\patrick\AppData\Roaming\MiKTeX\2.9\tex\latex\pgf\utilities\pgfrcs.sty

(C:\Users\patrick\AppData\Roaming\MiKTeX\2.9\tex\generic\pgf\utilities\pgfutil-
common.tex
\pgfutil@everybye=\toks14
\pgfutil@tempdima=\dimen103
\pgfutil@tempdimb=\dimen104

(C:\Users\patrick\AppData\Roaming\MiKTeX\2.9\tex\generic\pgf\utilities\pgfutil-
common-lists.tex))
(C:\Users\patrick\AppData\Roaming\MiKTeX\2.9\tex\generic\pgf\utilities\pgfutil-
latex.def
\pgfutil@abb=\box26

(C:\Users\patrick\AppData\Roaming\MiKTeX\2.9\tex\latex\ms\everyshi.sty
Package: everyshi 2001/05/15 v3.00 EveryShipout Package (MS)
))
(C:\Users\patrick\AppData\Roaming\MiKTeX\2.9\tex\generic\pgf\utilities\pgfrcs.c
ode.tex
Package: pgfrcs 2013/12/20 v3.0.0 (rcs-revision 1.28)
))
Package: pgf 2013/12/18 v3.0.0 (rcs-revision 1.14)

(C:\Users\patrick\AppData\Roaming\MiKTeX\2.9\tex\latex\pgf\basiclayer\pgfcore.s
ty ("C:\Program Files\MiKTeX 2.9\tex\latex\graphics\graphicx.sty"
Package: graphicx 1999/02/16 v1.0f Enhanced LaTeX Graphics (DPC,SPQR)

("C:\Program Files\MiKTeX 2.9\tex\latex\graphics\keyval.sty"
Package: keyval 1999/03/16 v1.13 key=value parser (DPC)
\KV@toks@=\toks15
)
("C:\Program Files\MiKTeX 2.9\tex\latex\graphics\graphics.sty"
Package: graphics 2009/02/05 v1.0o Standard LaTeX Graphics (DPC,SPQR)

("C:\Program Files\MiKTeX 2.9\tex\latex\graphics\trig.sty"
Package: trig 1999/03/16 v1.09 sin cos tan (DPC)
)
("C:\Program Files\MiKTeX 2.9\tex\latex\00miktex\graphics.cfg"
File: graphics.cfg 2007/01/18 v1.5 graphics configuration of teTeX/TeXLive
)
Package graphics Info: Driver file: pdftex.def on input line 91.

("C:\Program Files\MiKTeX 2.9\tex\latex\pdftex-def\pdftex.def"
File: pdftex.def 2011/05/27 v0.06d Graphics/color for pdfTeX

("C:\Program Files\MiKTeX 2.9\tex\generic\oberdiek\infwarerr.sty"
Package: infwarerr 2010/04/08 v1.3 Providing info/warning/error messages (HO)
)
("C:\Program Files\MiKTeX 2.9\tex\generic\oberdiek\ltxcmds.sty"
Package: ltxcmds 2011/11/09 v1.22 LaTeX kernel commands for general use (HO)
)
\Gread@gobject=\count87
))
\Gin@req@height=\dimen105
\Gin@req@width=\dimen106
)
(C:\Users\patrick\AppData\Roaming\MiKTeX\2.9\tex\latex\pgf\systemlayer\pgfsys.s
ty
(C:\Users\patrick\AppData\Roaming\MiKTeX\2.9\tex\generic\pgf\systemlayer\pgfsys
.code.tex
Package: pgfsys 2013/11/30 v3.0.0 (rcs-revision 1.47)

(C:\Users\patrick\AppData\Roaming\MiKTeX\2.9\tex\generic\pgf\utilities\pgfkeys.
code.tex
\pgfkeys@pathtoks=\toks16
\pgfkeys@temptoks=\toks17

(C:\Users\patrick\AppData\Roaming\MiKTeX\2.9\tex\generic\pgf\utilities\pgfkeysf
iltered.code.tex
\pgfkeys@tmptoks=\toks18
))
\pgf@x=\dimen107
\pgf@y=\dimen108
\pgf@xa=\dimen109
\pgf@ya=\dimen110
\pgf@xb=\dimen111
\pgf@yb=\dimen112
\pgf@xc=\dimen113
\pgf@yc=\dimen114
\w@pgf@writea=\write3
\r@pgf@reada=\read1
\c@pgf@counta=\count88
\c@pgf@countb=\count89
\c@pgf@countc=\count90
\c@pgf@countd=\count91
\t@pgf@toka=\toks19
\t@pgf@tokb=\toks20
\t@pgf@tokc=\toks21

(C:\Users\patrick\AppData\Roaming\MiKTeX\2.9\tex\generic\pgf\systemlayer\pgf.cf
g
File: pgf.cfg 2008/05/14  (rcs-revision 1.7)
)
Driver file for pgf: pgfsys-pdftex.def

(C:\Users\patrick\AppData\Roaming\MiKTeX\2.9\tex\generic\pgf\systemlayer\pgfsys
-pdftex.def
File: pgfsys-pdftex.def 2013/07/18  (rcs-revision 1.33)

(C:\Users\patrick\AppData\Roaming\MiKTeX\2.9\tex\generic\pgf\systemlayer\pgfsys
-common-pdf.def
File: pgfsys-common-pdf.def 2013/10/10  (rcs-revision 1.13)
)))
(C:\Users\patrick\AppData\Roaming\MiKTeX\2.9\tex\generic\pgf\systemlayer\pgfsys
softpath.code.tex
File: pgfsyssoftpath.code.tex 2013/09/09  (rcs-revision 1.9)
\pgfsyssoftpath@smallbuffer@items=\count92
\pgfsyssoftpath@bigbuffer@items=\count93
)
(C:\Users\patrick\AppData\Roaming\MiKTeX\2.9\tex\generic\pgf\systemlayer\pgfsys
protocol.code.tex
File: pgfsysprotocol.code.tex 2006/10/16  (rcs-revision 1.4)
))
(C:\Users\patrick\AppData\Roaming\MiKTeX\2.9\tex\latex\xcolor\xcolor.sty
Package: xcolor 2007/01/21 v2.11 LaTeX color extensions (UK)

("C:\Program Files\MiKTeX 2.9\tex\latex\00miktex\color.cfg"
File: color.cfg 2007/01/18 v1.5 color configuration of teTeX/TeXLive
)
Package xcolor Info: Driver file: pdftex.def on input line 225.
Package xcolor Info: Model `cmy' substituted by `cmy0' on input line 1337.
Package xcolor Info: Model `hsb' substituted by `rgb' on input line 1341.
Package xcolor Info: Model `RGB' extended on input line 1353.
Package xcolor Info: Model `HTML' substituted by `rgb' on input line 1355.
Package xcolor Info: Model `Hsb' substituted by `hsb' on input line 1356.
Package xcolor Info: Model `tHsb' substituted by `hsb' on input line 1357.
Package xcolor Info: Model `HSB' substituted by `hsb' on input line 1358.
Package xcolor Info: Model `Gray' substituted by `gray' on input line 1359.
Package xcolor Info: Model `wave' substituted by `hsb' on input line 1360.
)
(C:\Users\patrick\AppData\Roaming\MiKTeX\2.9\tex\generic\pgf\basiclayer\pgfcore
.code.tex
Package: pgfcore 2010/04/11 v3.0.0 (rcs-revision 1.7)

(C:\Users\patrick\AppData\Roaming\MiKTeX\2.9\tex\generic\pgf\math\pgfmath.code.
tex
(C:\Users\patrick\AppData\Roaming\MiKTeX\2.9\tex\generic\pgf\math\pgfmathcalc.c
ode.tex
(C:\Users\patrick\AppData\Roaming\MiKTeX\2.9\tex\generic\pgf\math\pgfmathutil.c
ode.tex)
(C:\Users\patrick\AppData\Roaming\MiKTeX\2.9\tex\generic\pgf\math\pgfmathparser
.code.tex
\pgfmath@dimen=\dimen115
\pgfmath@count=\count94
\pgfmath@box=\box27
\pgfmath@toks=\toks22
\pgfmath@stack@operand=\toks23
\pgfmath@stack@operation=\toks24
)
(C:\Users\patrick\AppData\Roaming\MiKTeX\2.9\tex\generic\pgf\math\pgfmathfuncti
ons.code.tex
(C:\Users\patrick\AppData\Roaming\MiKTeX\2.9\tex\generic\pgf\math\pgfmathfuncti
ons.basic.code.tex)
(C:\Users\patrick\AppData\Roaming\MiKTeX\2.9\tex\generic\pgf\math\pgfmathfuncti
ons.trigonometric.code.tex)
(C:\Users\patrick\AppData\Roaming\MiKTeX\2.9\tex\generic\pgf\math\pgfmathfuncti
ons.random.code.tex)
(C:\Users\patrick\AppData\Roaming\MiKTeX\2.9\tex\generic\pgf\math\pgfmathfuncti
ons.comparison.code.tex)
(C:\Users\patrick\AppData\Roaming\MiKTeX\2.9\tex\generic\pgf\math\pgfmathfuncti
ons.base.code.tex)
(C:\Users\patrick\AppData\Roaming\MiKTeX\2.9\tex\generic\pgf\math\pgfmathfuncti
ons.round.code.tex)
(C:\Users\patrick\AppData\Roaming\MiKTeX\2.9\tex\generic\pgf\math\pgfmathfuncti
ons.misc.code.tex)
(C:\Users\patrick\AppData\Roaming\MiKTeX\2.9\tex\generic\pgf\math\pgfmathfuncti
ons.integerarithmetics.code.tex)))
(C:\Users\patrick\AppData\Roaming\MiKTeX\2.9\tex\generic\pgf\math\pgfmathfloat.
code.tex
\c@pgfmathroundto@lastzeros=\count95
))
(C:\Users\patrick\AppData\Roaming\MiKTeX\2.9\tex\generic\pgf\basiclayer\pgfcore
points.code.tex
File: pgfcorepoints.code.tex 2013/10/07  (rcs-revision 1.27)
\pgf@picminx=\dimen116
\pgf@picmaxx=\dimen117
\pgf@picminy=\dimen118
\pgf@picmaxy=\dimen119
\pgf@pathminx=\dimen120
\pgf@pathmaxx=\dimen121
\pgf@pathminy=\dimen122
\pgf@pathmaxy=\dimen123
\pgf@xx=\dimen124
\pgf@xy=\dimen125
\pgf@yx=\dimen126
\pgf@yy=\dimen127
\pgf@zx=\dimen128
\pgf@zy=\dimen129
)
(C:\Users\patrick\AppData\Roaming\MiKTeX\2.9\tex\generic\pgf\basiclayer\pgfcore
pathconstruct.code.tex
File: pgfcorepathconstruct.code.tex 2013/10/07  (rcs-revision 1.29)
\pgf@path@lastx=\dimen130
\pgf@path@lasty=\dimen131
)
(C:\Users\patrick\AppData\Roaming\MiKTeX\2.9\tex\generic\pgf\basiclayer\pgfcore
pathusage.code.tex
File: pgfcorepathusage.code.tex 2013/12/13  (rcs-revision 1.23)
\pgf@shorten@end@additional=\dimen132
\pgf@shorten@start@additional=\dimen133
)
(C:\Users\patrick\AppData\Roaming\MiKTeX\2.9\tex\generic\pgf\basiclayer\pgfcore
scopes.code.tex
File: pgfcorescopes.code.tex 2013/10/09  (rcs-revision 1.44)
\pgfpic=\box28
\pgf@hbox=\box29
\pgf@layerbox@main=\box30
\pgf@picture@serial@count=\count96
)
(C:\Users\patrick\AppData\Roaming\MiKTeX\2.9\tex\generic\pgf\basiclayer\pgfcore
graphicstate.code.tex
File: pgfcoregraphicstate.code.tex 2013/09/19  (rcs-revision 1.11)
\pgflinewidth=\dimen134
)
(C:\Users\patrick\AppData\Roaming\MiKTeX\2.9\tex\generic\pgf\basiclayer\pgfcore
transformations.code.tex
File: pgfcoretransformations.code.tex 2013/10/10  (rcs-revision 1.17)
\pgf@pt@x=\dimen135
\pgf@pt@y=\dimen136
\pgf@pt@temp=\dimen137
)
(C:\Users\patrick\AppData\Roaming\MiKTeX\2.9\tex\generic\pgf\basiclayer\pgfcore
quick.code.tex
File: pgfcorequick.code.tex 2008/10/09  (rcs-revision 1.3)
)
(C:\Users\patrick\AppData\Roaming\MiKTeX\2.9\tex\generic\pgf\basiclayer\pgfcore
objects.code.tex
File: pgfcoreobjects.code.tex 2006/10/11  (rcs-revision 1.2)
)
(C:\Users\patrick\AppData\Roaming\MiKTeX\2.9\tex\generic\pgf\basiclayer\pgfcore
pathprocessing.code.tex
File: pgfcorepathprocessing.code.tex 2013/09/09  (rcs-revision 1.9)
)
(C:\Users\patrick\AppData\Roaming\MiKTeX\2.9\tex\generic\pgf\basiclayer\pgfcore
arrows.code.tex
File: pgfcorearrows.code.tex 2013/11/07  (rcs-revision 1.40)
\pgfarrowsep=\dimen138
)
(C:\Users\patrick\AppData\Roaming\MiKTeX\2.9\tex\generic\pgf\basiclayer\pgfcore
shade.code.tex
File: pgfcoreshade.code.tex 2013/07/15  (rcs-revision 1.15)
\pgf@max=\dimen139
\pgf@sys@shading@range@num=\count97
)
(C:\Users\patrick\AppData\Roaming\MiKTeX\2.9\tex\generic\pgf\basiclayer\pgfcore
image.code.tex
File: pgfcoreimage.code.tex 2013/07/15  (rcs-revision 1.18)

(C:\Users\patrick\AppData\Roaming\MiKTeX\2.9\tex\generic\pgf\basiclayer\pgfcore
external.code.tex
File: pgfcoreexternal.code.tex 2013/07/15  (rcs-revision 1.20)
\pgfexternal@startupbox=\box31
))
(C:\Users\patrick\AppData\Roaming\MiKTeX\2.9\tex\generic\pgf\basiclayer\pgfcore
layers.code.tex
File: pgfcorelayers.code.tex 2013/07/18  (rcs-revision 1.7)
)
(C:\Users\patrick\AppData\Roaming\MiKTeX\2.9\tex\generic\pgf\basiclayer\pgfcore
transparency.code.tex
File: pgfcoretransparency.code.tex 2013/09/30  (rcs-revision 1.5)
)
(C:\Users\patrick\AppData\Roaming\MiKTeX\2.9\tex\generic\pgf\basiclayer\pgfcore
patterns.code.tex
File: pgfcorepatterns.code.tex 2013/11/07  (rcs-revision 1.5)
)))
(C:\Users\patrick\AppData\Roaming\MiKTeX\2.9\tex\generic\pgf\modules\pgfmodules
hapes.code.tex
File: pgfmoduleshapes.code.tex 2013/10/31  (rcs-revision 1.34)
\pgfnodeparttextbox=\box32
)
(C:\Users\patrick\AppData\Roaming\MiKTeX\2.9\tex\generic\pgf\modules\pgfmodulep
lot.code.tex
File: pgfmoduleplot.code.tex 2013/07/31  (rcs-revision 1.12)
)
(C:\Users\patrick\AppData\Roaming\MiKTeX\2.9\tex\latex\pgf\compatibility\pgfcom
p-version-0-65.sty
Package: pgfcomp-version-0-65 2007/07/03 v3.0.0 (rcs-revision 1.7)
\pgf@nodesepstart=\dimen140
\pgf@nodesepend=\dimen141
)
(C:\Users\patrick\AppData\Roaming\MiKTeX\2.9\tex\latex\pgf\compatibility\pgfcom
p-version-1-18.sty
Package: pgfcomp-version-1-18 2007/07/23 v3.0.0 (rcs-revision 1.1)
))
(C:\Users\patrick\AppData\Roaming\MiKTeX\2.9\tex\latex\pgf\utilities\pgffor.sty

(C:\Users\patrick\AppData\Roaming\MiKTeX\2.9\tex\latex\pgf\utilities\pgfkeys.st
y
(C:\Users\patrick\AppData\Roaming\MiKTeX\2.9\tex\generic\pgf\utilities\pgfkeys.
code.tex))
(C:\Users\patrick\AppData\Roaming\MiKTeX\2.9\tex\latex\pgf\math\pgfmath.sty
(C:\Users\patrick\AppData\Roaming\MiKTeX\2.9\tex\generic\pgf\math\pgfmath.code.
tex))
(C:\Users\patrick\AppData\Roaming\MiKTeX\2.9\tex\generic\pgf\utilities\pgffor.c
ode.tex
Package: pgffor 2013/12/13 v3.0.0 (rcs-revision 1.25)

(C:\Users\patrick\AppData\Roaming\MiKTeX\2.9\tex\generic\pgf\math\pgfmath.code.
tex)
\pgffor@iter=\dimen142
\pgffor@skip=\dimen143
\pgffor@stack=\toks25
\pgffor@toks=\toks26
))
(C:\Users\patrick\AppData\Roaming\MiKTeX\2.9\tex\generic\pgf\frontendlayer\tikz
\tikz.code.tex
Package: tikz 2013/12/13 v3.0.0 (rcs-revision 1.142)

(C:\Users\patrick\AppData\Roaming\MiKTeX\2.9\tex\generic\pgf\libraries\pgflibra
ryplothandlers.code.tex
File: pgflibraryplothandlers.code.tex 2013/08/31 v3.0.0 (rcs-revision 1.20)
\pgf@plot@mark@count=\count98
\pgfplotmarksize=\dimen144
)
\tikz@lastx=\dimen145
\tikz@lasty=\dimen146
\tikz@lastxsaved=\dimen147
\tikz@lastysaved=\dimen148
\tikzleveldistance=\dimen149
\tikzsiblingdistance=\dimen150
\tikz@figbox=\box33
\tikz@figbox@bg=\box34
\tikz@tempbox=\box35
\tikz@tempbox@bg=\box36
\tikztreelevel=\count99
\tikznumberofchildren=\count100
\tikznumberofcurrentchild=\count101
\tikz@fig@count=\count102

(C:\Users\patrick\AppData\Roaming\MiKTeX\2.9\tex\generic\pgf\modules\pgfmodulem
atrix.code.tex
File: pgfmodulematrix.code.tex 2013/09/17  (rcs-revision 1.8)
\pgfmatrixcurrentrow=\count103
\pgfmatrixcurrentcolumn=\count104
\pgf@matrix@numberofcolumns=\count105
)
\tikz@expandcount=\count106

(C:\Users\patrick\AppData\Roaming\MiKTeX\2.9\tex\generic\pgf\frontendlayer\tikz
\libraries\tikzlibrarytopaths.code.tex
File: tikzlibrarytopaths.code.tex 2008/06/17 v3.0.0 (rcs-revision 1.2)
)))
("C:\Program Files\MiKTeX 2.9\tex\latex\tools\verbatim.sty"
Package: verbatim 2003/08/22 v1.5q LaTeX2e package for verbatim enhancements
\every@verbatim=\toks27
\verbatim@line=\toks28
\verbatim@in@stream=\read2
)
(C:\Users\patrick\AppData\Roaming\MiKTeX\2.9\tex\latex\preview\preview.sty
Package: preview 2010/02/14 11.88 (AUCTeX/preview-latex)

(C:\Users\patrick\AppData\Roaming\MiKTeX\2.9\tex\latex\preview\prtightpage.def
\PreviewBorder=\dimen151
)
\pr@snippet=\count107
\pr@box=\box37
\pr@output=\toks29
)
No file graph_snippet.aux.
LaTeX Font Info:    Checking defaults for OML/cmm/m/it on input line 10.
LaTeX Font Info:    ... okay on input line 10.
LaTeX Font Info:    Checking defaults for T1/cmr/m/n on input line 10.
LaTeX Font Info:    ... okay on input line 10.
LaTeX Font Info:    Checking defaults for OT1/cmr/m/n on input line 10.
LaTeX Font Info:    ... okay on input line 10.
LaTeX Font Info:    Checking defaults for OMS/cmsy/m/n on input line 10.
LaTeX Font Info:    ... okay on input line 10.
LaTeX Font Info:    Checking defaults for OMX/cmex/m/n on input line 10.
LaTeX Font Info:    ... okay on input line 10.
LaTeX Font Info:    Checking defaults for U/cmr/m/n on input line 10.
LaTeX Font Info:    ... okay on input line 10.
ABD: EveryShipout initializing macros
(C:\Users\patrick\AppData\Roaming\MiKTeX\2.9\tex\context\base\supp-pdf.mkii
[Loading MPS to PDF converter (version 2006.09.02).]
\scratchcounter=\count108
\scratchdimen=\dimen152
\scratchbox=\box38
\nofMPsegments=\count109
\nofMParguments=\count110
\everyMPshowfont=\toks30
\MPscratchCnt=\count111
\MPscratchDim=\dimen153
\MPnumerator=\count112
\makeMPintoPDFobject=\count113
\everyMPtoPDFconversion=\toks31
)
Preview: Fontsize 10pt
Preview: PDFoutput 1
LaTeX Font Info:    External font `cmex10' loaded for size
(Font)              <7> on input line 17.
LaTeX Font Info:    External font `cmex10' loaded for size
(Font)              <5> on input line 17.

! Package pgfkeys Error: I do not know the key '/tikz/box' and I am going to ig
nore it. Perhaps you misspelled it.

See the pgfkeys package documentation for explanation.
Type  H <return>  for immediate help.
 ...                                              
                                                  
l.19 \node(x3) at (-0.5,0.5) [draw,box,fill=black]
                                                  {};
This error message was generated by an \errmessage
command, so I can't give any explicit help.
Pretend that you're Hercule Poirot: Examine all clues,
and deduce the truth by order and method.


! Package pgfkeys Error: I do not know the key '/tikz/arrow' and I am going to 
ignore it. Perhaps you misspelled it.

See the pgfkeys package documentation for explanation.
Type  H <return>  for immediate help.
 ...                                              
                                                  
l.20 \draw[->] (x1) -- (x2) [arrow]
                                   ;
(That was another \errmessage.)

Preview: Tightpage -327680 -327680 327680 327680
[1{C:/Users/patrick/AppData/Local/MiKTeX/2.9/pdftex/config/pdftex.map}]
(C:\Users\patrick\Documents\college4\CS\CS401\mu-cs401-f2015\images\lecture-17\
graph_snippet.aux) ) 
Here is how much of TeX's memory you used:
 11073 strings out of 493921
 228226 string characters out of 3147276
 248977 words of memory out of 3000000
 14203 multiletter control sequences out of 15000+200000
 3640 words of font info for 14 fonts, out of 3000000 for 9000
 841 hyphenation exceptions out of 8191
 55i,7n,54p,494b,567s stack positions out of 5000i,500n,10000p,200000b,50000s
<C:/Program Files/MiKTeX 2.9/fonts/type1/public/amsfonts/cm
/cmmi10.pfb><C:/Program Files/MiKTeX 2.9/fonts/type1/public/amsfonts/cm/cmr7.pf
b>
Output written on graph_snippet.pdf (1 page, 16799 bytes).
PDF statistics:
 17 PDF objects out of 1000 (max. 8388607)
 0 named destinations out of 1000 (max. 500000)
 13 words of extra memory for PDF output out of 10000 (max. 10000000)

